# JRE version: Java(TM) SE Runtime Environment (17.0.12+8) (build 17.0.12+8-LTS-286)
# Java VM: Java HotSpot(TM) 64-Bit Server VM (17.0.12+8-LTS-286, mixed mode, sharing, tiered, compressed oops, compressed class ptrs, g1 gc, windows-amd64)
GC Precious Log:
 CPUs: 8 total, 8 available
 Memory: 7930M
 Large Page Support: Disabled
 NUMA Support: Disabled
 Compressed Oops: Enabled (32-bit)
 Heap Region Size: 1M
 Heap Min Capacity: 8M
 Heap Initial Capacity: 124M
 Heap Max Capacity: 1984M
 Pre-touch: Disabled
 Parallel Workers: 8
 Concurrent Workers: 2
 Concurrent Refinement Workers: 8
 Periodic GC: Disabled
Heap:
 garbage-first heap   total 172032K, used 95744K [0x0000000084000000, 0x0000000100000000)
  region size 1024K, 24 young (24576K), 7 survivors (7168K)
 Metaspace       used 74225K, committed 74752K, reserved 1114112K
  class space    used 10680K, committed 10944K, reserved 1048576K
GC Heap History (20 events):
Event: 7.763 GC heap before
{Heap before GC invocations=11 (full 0):
 garbage-first heap   total 58368K, used 44103K [0x0000000084000000, 0x0000000100000000)
  region size 1024K, 23 young (23552K), 2 survivors (2048K)
 Metaspace       used 46022K, committed 46400K, reserved 1114112K
  class space    used 6344K, committed 6528K, reserved 1048576K
}
Event: 7.770 GC heap after
{Heap after GC invocations=12 (full 0):
 garbage-first heap   total 86016K, used 24664K [0x0000000084000000, 0x0000000100000000)
  region size 1024K, 3 young (3072K), 3 survivors (3072K)
 Metaspace       used 46022K, committed 46400K, reserved 1114112K
  class space    used 6344K, committed 6528K, reserved 1048576K
}
Event: 8.958 GC heap before
{Heap before GC invocations=12 (full 0):
 garbage-first heap   total 86016K, used 64600K [0x0000000084000000, 0x0000000100000000)
  region size 1024K, 43 young (44032K), 3 survivors (3072K)
 Metaspace       used 55404K, committed 55872K, reserved 1114112K
  class space    used 7759K, committed 8000K, reserved 1048576K
}
Event: 8.966 GC heap after
{Heap after GC invocations=13 (full 0):
 garbage-first heap   total 86016K, used 26625K [0x0000000084000000, 0x0000000100000000)
  region size 1024K, 5 young (5120K), 5 survivors (5120K)
 Metaspace       used 55404K, committed 55872K, reserved 1114112K
  class space    used 7759K, committed 8000K, reserved 1048576K
}
Event: 9.819 GC heap before
{Heap before GC invocations=13 (full 0):
 garbage-first heap   total 86016K, used 51201K [0x0000000084000000, 0x0000000100000000)
  region size 1024K, 30 young (30720K), 5 survivors (5120K)
 Metaspace       used 59998K, committed 60480K, reserved 1114112K
  class space    used 8431K, committed 8704K, reserved 1048576K
}
Event: 9.837 GC heap after
{Heap after GC invocations=14 (full 0):
 garbage-first heap   total 86016K, used 28117K [0x0000000084000000, 0x0000000100000000)
  region size 1024K, 5 young (5120K), 5 survivors (5120K)
 Metaspace       used 59998K, committed 60480K, reserved 1114112K
  class space    used 8431K, committed 8704K, reserved 1048576K
}
Event: 10.740 GC heap before
{Heap before GC invocations=15 (full 0):
 garbage-first heap   total 86016K, used 68053K [0x0000000084000000, 0x0000000100000000)
  region size 1024K, 44 young (45056K), 5 survivors (5120K)
 Metaspace       used 64062K, committed 64576K, reserved 1114112K
  class space    used 9165K, committed 9408K, reserved 1048576K
}
Event: 10.757 GC heap after
{Heap after GC invocations=16 (full 0):
 garbage-first heap   total 86016K, used 30206K [0x0000000084000000, 0x0000000100000000)
  region size 1024K, 4 young (4096K), 4 survivors (4096K)
 Metaspace       used 64062K, committed 64576K, reserved 1114112K
  class space    used 9165K, committed 9408K, reserved 1048576K
}
Event: 11.354 GC heap before
{Heap before GC invocations=16 (full 0):
 garbage-first heap   total 86016K, used 68094K [0x0000000084000000, 0x0000000100000000)
  region size 1024K, 41 young (41984K), 4 survivors (4096K)
 Metaspace       used 65808K, committed 66368K, reserved 1114112K
  class space    used 9533K, committed 9792K, reserved 1048576K
}
Event: 11.367 GC heap after
{Heap after GC invocations=17 (full 0):
 garbage-first heap   total 86016K, used 31543K [0x0000000084000000, 0x0000000100000000)
  region size 1024K, 4 young (4096K), 4 survivors (4096K)
 Metaspace       used 65808K, committed 66368K, reserved 1114112K
  class space    used 9533K, committed 9792K, reserved 1048576K
}
Event: 11.686 GC heap before
{Heap before GC invocations=17 (full 0):
 garbage-first heap   total 86016K, used 68407K [0x0000000084000000, 0x0000000100000000)
  region size 1024K, 40 young (40960K), 4 survivors (4096K)
 Metaspace       used 67321K, committed 67840K, reserved 1114112K
  class space    used 9755K, committed 9984K, reserved 1048576K
}
Event: 11.708 GC heap after
{Heap after GC invocations=18 (full 0):
 garbage-first heap   total 86016K, used 38061K [0x0000000084000000, 0x0000000100000000)
  region size 1024K, 5 young (5120K), 5 survivors (5120K)
 Metaspace       used 67321K, committed 67840K, reserved 1114112K
  class space    used 9755K, committed 9984K, reserved 1048576K
}
Event: 11.780 GC heap before
{Heap before GC invocations=18 (full 0):
 garbage-first heap   total 86016K, used 64685K [0x0000000084000000, 0x0000000100000000)
  region size 1024K, 31 young (31744K), 5 survivors (5120K)
 Metaspace       used 67322K, committed 67840K, reserved 1114112K
  class space    used 9755K, committed 9984K, reserved 1048576K
}
Event: 11.814 GC heap after
{Heap after GC invocations=19 (full 0):
 garbage-first heap   total 86016K, used 47903K [0x0000000084000000, 0x0000000100000000)
  region size 1024K, 4 young (4096K), 4 survivors (4096K)
 Metaspace       used 67322K, committed 67840K, reserved 1114112K
  class space    used 9755K, committed 9984K, reserved 1048576K
}
Event: 11.840 GC heap before
{Heap before GC invocations=19 (full 0):
 garbage-first heap   total 86016K, used 56095K [0x0000000084000000, 0x0000000100000000)
  region size 1024K, 13 young (13312K), 4 survivors (4096K)
 Metaspace       used 67330K, committed 67840K, reserved 1114112K
  class space    used 9755K, committed 9984K, reserved 1048576K
}
Event: 11.864 GC heap after
{Heap after GC invocations=20 (full 0):
 garbage-first heap   total 172032K, used 50506K [0x0000000084000000, 0x0000000100000000)
  region size 1024K, 2 young (2048K), 2 survivors (2048K)
 Metaspace       used 67330K, committed 67840K, reserved 1114112K
  class space    used 9755K, committed 9984K, reserved 1048576K
}
Event: 12.084 GC heap before
{Heap before GC invocations=20 (full 0):
 garbage-first heap   total 172032K, used 110922K [0x0000000084000000, 0x0000000100000000)
  region size 1024K, 60 young (61440K), 2 survivors (2048K)
 Metaspace       used 67335K, committed 67840K, reserved 1114112K
  class space    used 9755K, committed 9984K, reserved 1048576K
}
Event: 12.112 GC heap after
{Heap after GC invocations=21 (full 0):
 garbage-first heap   total 172032K, used 70656K [0x0000000084000000, 0x0000000100000000)
  region size 1024K, 8 young (8192K), 8 survivors (8192K)
 Metaspace       used 67335K, committed 67840K, reserved 1114112K
  class space    used 9755K, committed 9984K, reserved 1048576K
}
Event: 13.086 GC heap before
{Heap before GC invocations=21 (full 0):
 garbage-first heap   total 172032K, used 117760K [0x0000000084000000, 0x0000000100000000)
  region size 1024K, 54 young (55296K), 8 survivors (8192K)
 Metaspace       used 71467K, committed 72000K, reserved 1114112K
  class space    used 10297K, committed 10560K, reserved 1048576K
}
Event: 13.110 GC heap after
{Heap after GC invocations=22 (full 0):
 garbage-first heap   total 172032K, used 79360K [0x0000000084000000, 0x0000000100000000)
  region size 1024K, 7 young (7168K), 7 survivors (7168K)
 Metaspace       used 71467K, committed 72000K, reserved 1114112K
  class space    used 10297K, committed 10560K, reserved 1048576K
}

